Comparison/app/build/intermediates/manifest_merge_blame_file/debug/manifest-merger-blame-debug-report.txt
1<?xml version="1.0" encoding="utf-8"?>
2<manifest xmlns:android="http://schemas.android.com/apk/res/android"
3    package="edu.iest.comparison"
4    android:versionCode="1"
5    android:versionName="1.0" >
6
7    <uses-sdk
8        android:minSdkVersion="25"
8-->src\main\AndroidManifest.xml
9        android:targetSdkVersion="33" />
9-->src\main\AndroidManifest.xml
10
11    <uses-permission android:name="android.permission.WAKE_LOCK" />
11-->src\main\AndroidManifest.xml:4:5-68
11-->src\main\AndroidManifest.xml:4:22-65
12
13    <uses-feature android:name="android.hardware.type.watch" />
13-->src\main\AndroidManifest.xml:6:5-64
13-->src\main\AndroidManifest.xml:6:19-61
14
15    <application
15-->src\main\AndroidManifest.xml:8:5-36:19
16        android:allowBackup="true"
16-->src\main\AndroidManifest.xml:9:9-35
17        android:appComponentFactory="androidx.core.app.CoreComponentFactory"
17-->[androidx.core:core:1.7.0] AndroidManifest.xml:24:18-86
18        android:debuggable="true"
19        android:extractNativeLibs="false"
20        android:icon="@mipmap/ic_launcher"
20-->src\main\AndroidManifest.xml:10:9-43
21        android:label="@string/app_name"
21-->src\main\AndroidManifest.xml:11:9-41
22        android:supportsRtl="true"
22-->src\main\AndroidManifest.xml:12:9-35
23        android:testOnly="true"
24        android:theme="@android:style/Theme.DeviceDefault" >
24-->src\main\AndroidManifest.xml:13:9-59
25        <uses-library
25-->src\main\AndroidManifest.xml:14:9-16:39
26            android:name="com.google.android.wearable"
26-->src\main\AndroidManifest.xml:15:13-55
27            android:required="true" />
27-->src\main\AndroidManifest.xml:16:13-36
28
29        <!--
30               Set to true if your app is Standalone, that is, it does not require the handheld
31               app to run.
32        -->
33        <meta-data
33-->src\main\AndroidManifest.xml:22:9-24:36
34            android:name="com.google.android.wearable.standalone"
34-->src\main\AndroidManifest.xml:23:13-66
35            android:value="true" />
35-->src\main\AndroidManifest.xml:24:13-33
36
37        <activity
37-->src\main\AndroidManifest.xml:26:9-35:20
38            android:name="edu.iest.comparison.MainActivity"
38-->src\main\AndroidManifest.xml:27:13-41
39            android:exported="true"
39-->src\main\AndroidManifest.xml:28:13-36
40            android:label="@string/app_name" >
40-->src\main\AndroidManifest.xml:29:13-45
41            <intent-filter>
41-->src\main\AndroidManifest.xml:30:13-34:29
42                <action android:name="android.intent.action.MAIN" />
42-->src\main\AndroidManifest.xml:31:17-69
42-->src\main\AndroidManifest.xml:31:25-66
43
44                <category android:name="android.intent.category.LAUNCHER" />
44-->src\main\AndroidManifest.xml:33:17-77
44-->src\main\AndroidManifest.xml:33:27-74
45            </intent-filter>
46        </activity>
47        <activity
47-->[com.google.android.gms:play-services-base:18.0.1] AndroidManifest.xml:20:9-22:45
48            android:name="com.google.android.gms.common.api.GoogleApiActivity"
48-->[com.google.android.gms:play-services-base:18.0.1] AndroidManifest.xml:20:19-85
49            android:exported="false"
49-->[com.google.android.gms:play-services-base:18.0.1] AndroidManifest.xml:22:19-43
50            android:theme="@android:style/Theme.Translucent.NoTitleBar" />
50-->[com.google.android.gms:play-services-base:18.0.1] AndroidManifest.xml:21:19-78
51
52        <meta-data
52-->[com.google.android.gms:play-services-basement:18.0.0] AndroidManifest.xml:21:9-23:69
53            android:name="com.google.android.gms.version"
53-->[com.google.android.gms:play-services-basement:18.0.0] AndroidManifest.xml:22:13-58
54            android:value="@integer/google_play_services_version" />
54-->[com.google.android.gms:play-services-basement:18.0.0] AndroidManifest.xml:23:13-66
55    </application>
56
57</manifest>